{"/Users/csoares/Work/React-simple-test-component/src/App.jsx": {"path":"/Users/csoares/Work/React-simple-test-component/src/App.jsx","all":false,"statementMap":{"0":{"start":{"line":1,"column":0},"end":{"line":1,"column":53}},"1":{"start":{"line":2,"column":0},"end":{"line":2,"column":45}},"2":{"start":{"line":3,"column":0},"end":{"line":3,"column":62}},"4":{"start":{"line":5,"column":0},"end":{"line":5,"column":38}},"64":{"start":{"line":65,"column":0},"end":{"line":65,"column":32}},"70":{"start":{"line":71,"column":0},"end":{"line":71,"column":16}},"71":{"start":{"line":72,"column":0},"end":{"line":72,"column":10}},"72":{"start":{"line":73,"column":0},"end":{"line":73,"column":18}},"73":{"start":{"line":74,"column":0},"end":{"line":74,"column":21}},"74":{"start":{"line":75,"column":0},"end":{"line":75,"column":20}},"75":{"start":{"line":76,"column":0},"end":{"line":76,"column":20}},"76":{"start":{"line":77,"column":0},"end":{"line":77,"column":21}},"77":{"start":{"line":78,"column":0},"end":{"line":78,"column":19}},"79":{"start":{"line":80,"column":0},"end":{"line":80,"column":1}},"81":{"start":{"line":82,"column":0},"end":{"line":82,"column":19}}},"s":{"0":1,"1":1,"2":1,"4":1,"64":1,"70":3,"71":3,"72":3,"73":3,"74":3,"75":3,"76":3,"77":3,"79":3,"81":1},"branchMap":{"0":{"type":"branch","line":71,"loc":{"start":{"line":71,"column":0},"end":{"line":80,"column":1}},"locations":[{"start":{"line":71,"column":0},"end":{"line":80,"column":1}}]}},"b":{"0":[3]},"fnMap":{"0":{"name":"App","decl":{"start":{"line":71,"column":0},"end":{"line":80,"column":1}},"loc":{"start":{"line":71,"column":0},"end":{"line":80,"column":1}},"line":71}},"f":{"0":3}}
,"/Users/csoares/Work/React-simple-test-component/src/main.jsx": {"path":"/Users/csoares/Work/React-simple-test-component/src/main.jsx","all":true,"statementMap":{"0":{"start":{"line":1,"column":0},"end":{"line":1,"column":34}},"1":{"start":{"line":2,"column":0},"end":{"line":2,"column":45}},"2":{"start":{"line":3,"column":0},"end":{"line":3,"column":27}},"4":{"start":{"line":5,"column":0},"end":{"line":5,"column":51}},"5":{"start":{"line":6,"column":0},"end":{"line":6,"column":14}},"6":{"start":{"line":7,"column":0},"end":{"line":7,"column":11}},"7":{"start":{"line":8,"column":0},"end":{"line":8,"column":16}},"8":{"start":{"line":9,"column":0},"end":{"line":9,"column":1}}},"s":{"0":0,"1":0,"2":0,"4":0,"5":0,"6":0,"7":0,"8":0},"branchMap":{"0":{"type":"branch","line":1,"loc":{"start":{"line":1,"column":207},"end":{"line":9,"column":1}},"locations":[{"start":{"line":1,"column":207},"end":{"line":9,"column":1}}]}},"b":{"0":[0]},"fnMap":{"0":{"name":"(empty-report)","decl":{"start":{"line":1,"column":207},"end":{"line":9,"column":1}},"loc":{"start":{"line":1,"column":207},"end":{"line":9,"column":1}},"line":1}},"f":{"0":0}}
,"/Users/csoares/Work/React-simple-test-component/src/components/TodoItem.jsx": {"path":"/Users/csoares/Work/React-simple-test-component/src/components/TodoItem.jsx","all":false,"statementMap":{"0":{"start":{"line":1,"column":0},"end":{"line":1,"column":33}},"1":{"start":{"line":2,"column":0},"end":{"line":2,"column":56}},"2":{"start":{"line":3,"column":0},"end":{"line":3,"column":39}},"4":{"start":{"line":5,"column":0},"end":{"line":5,"column":37}},"17":{"start":{"line":18,"column":0},"end":{"line":18,"column":34}},"22":{"start":{"line":23,"column":0},"end":{"line":23,"column":4}},"25":{"start":{"line":26,"column":0},"end":{"line":26,"column":30}},"31":{"start":{"line":32,"column":0},"end":{"line":32,"column":29}},"37":{"start":{"line":38,"column":0},"end":{"line":38,"column":31}},"51":{"start":{"line":52,"column":0},"end":{"line":52,"column":36}},"56":{"start":{"line":57,"column":0},"end":{"line":57,"column":29}},"65":{"start":{"line":66,"column":0},"end":{"line":66,"column":34}},"74":{"start":{"line":75,"column":0},"end":{"line":75,"column":36}},"83":{"start":{"line":84,"column":0},"end":{"line":84,"column":32}},"84":{"start":{"line":85,"column":0},"end":{"line":85,"column":64}},"85":{"start":{"line":86,"column":0},"end":{"line":86,"column":52}},"86":{"start":{"line":87,"column":0},"end":{"line":87,"column":54}},"88":{"start":{"line":89,"column":0},"end":{"line":89,"column":28}},"89":{"start":{"line":90,"column":0},"end":{"line":90,"column":59}},"90":{"start":{"line":91,"column":0},"end":{"line":91,"column":41}},"91":{"start":{"line":92,"column":0},"end":{"line":92,"column":12}},"92":{"start":{"line":93,"column":0},"end":{"line":93,"column":29}},"93":{"start":{"line":94,"column":0},"end":{"line":94,"column":5}},"94":{"start":{"line":95,"column":0},"end":{"line":95,"column":24}},"95":{"start":{"line":96,"column":0},"end":{"line":96,"column":4}},"97":{"start":{"line":98,"column":0},"end":{"line":98,"column":33}},"98":{"start":{"line":99,"column":0},"end":{"line":99,"column":28}},"99":{"start":{"line":100,"column":0},"end":{"line":100,"column":19}},"100":{"start":{"line":101,"column":0},"end":{"line":101,"column":36}},"101":{"start":{"line":102,"column":0},"end":{"line":102,"column":29}},"102":{"start":{"line":103,"column":0},"end":{"line":103,"column":26}},"103":{"start":{"line":104,"column":0},"end":{"line":104,"column":5}},"104":{"start":{"line":105,"column":0},"end":{"line":105,"column":4}},"106":{"start":{"line":107,"column":0},"end":{"line":107,"column":10}},"107":{"start":{"line":108,"column":0},"end":{"line":108,"column":51}},"108":{"start":{"line":109,"column":0},"end":{"line":109,"column":15}},"109":{"start":{"line":110,"column":0},"end":{"line":110,"column":23}},"110":{"start":{"line":111,"column":0},"end":{"line":111,"column":32}},"111":{"start":{"line":112,"column":0},"end":{"line":112,"column":44}},"112":{"start":{"line":113,"column":0},"end":{"line":113,"column":8}},"113":{"start":{"line":114,"column":0},"end":{"line":114,"column":20}},"114":{"start":{"line":115,"column":0},"end":{"line":115,"column":18}},"115":{"start":{"line":116,"column":0},"end":{"line":116,"column":21}},"116":{"start":{"line":117,"column":0},"end":{"line":117,"column":26}},"117":{"start":{"line":118,"column":0},"end":{"line":118,"column":55}},"118":{"start":{"line":119,"column":0},"end":{"line":119,"column":29}},"119":{"start":{"line":120,"column":0},"end":{"line":120,"column":36}},"120":{"start":{"line":121,"column":0},"end":{"line":121,"column":19}},"121":{"start":{"line":122,"column":0},"end":{"line":122,"column":10}},"123":{"start":{"line":124,"column":0},"end":{"line":124,"column":17}},"124":{"start":{"line":125,"column":0},"end":{"line":125,"column":31}},"125":{"start":{"line":126,"column":0},"end":{"line":126,"column":50}},"127":{"start":{"line":128,"column":0},"end":{"line":128,"column":21}},"128":{"start":{"line":129,"column":0},"end":{"line":129,"column":19}},"130":{"start":{"line":131,"column":0},"end":{"line":131,"column":24}},"131":{"start":{"line":132,"column":0},"end":{"line":132,"column":19}},"132":{"start":{"line":133,"column":0},"end":{"line":133,"column":44}},"133":{"start":{"line":134,"column":0},"end":{"line":134,"column":9}},"135":{"start":{"line":136,"column":0},"end":{"line":136,"column":21}},"136":{"start":{"line":137,"column":0},"end":{"line":137,"column":21}},"137":{"start":{"line":138,"column":0},"end":{"line":138,"column":45}},"138":{"start":{"line":139,"column":0},"end":{"line":139,"column":9}},"140":{"start":{"line":141,"column":0},"end":{"line":141,"column":23}},"141":{"start":{"line":142,"column":0},"end":{"line":142,"column":25}},"142":{"start":{"line":143,"column":0},"end":{"line":143,"column":24}},"144":{"start":{"line":145,"column":0},"end":{"line":145,"column":2}},"146":{"start":{"line":147,"column":0},"end":{"line":147,"column":24}}},"s":{"0":1,"1":1,"2":1,"4":1,"17":1,"22":1,"25":1,"31":1,"37":1,"51":1,"56":1,"65":1,"74":1,"83":1,"84":11,"85":11,"86":11,"88":11,"89":0,"90":0,"91":0,"92":0,"93":0,"94":0,"95":0,"97":11,"98":1,"99":0,"100":1,"101":1,"102":1,"103":1,"104":1,"106":11,"107":11,"108":11,"109":11,"110":11,"111":11,"112":11,"113":11,"114":3,"115":3,"116":3,"117":3,"118":3,"119":3,"120":3,"121":3,"123":8,"124":8,"125":8,"127":8,"128":8,"130":11,"131":11,"132":11,"133":11,"135":11,"136":11,"137":11,"138":11,"140":11,"141":11,"142":11,"144":11,"146":1},"branchMap":{"0":{"type":"branch","line":18,"loc":{"start":{"line":18,"column":4},"end":{"line":18,"column":34}},"locations":[{"start":{"line":18,"column":4},"end":{"line":18,"column":34}}]},"1":{"type":"branch","line":18,"loc":{"start":{"line":18,"column":19},"end":{"line":18,"column":34}},"locations":[{"start":{"line":18,"column":19},"end":{"line":18,"column":34}}]},"2":{"type":"branch","line":84,"loc":{"start":{"line":84,"column":17},"end":{"line":145,"column":2}},"locations":[{"start":{"line":84,"column":17},"end":{"line":145,"column":2}}]},"3":{"type":"branch","line":114,"loc":{"start":{"line":114,"column":7},"end":{"line":122,"column":10}},"locations":[{"start":{"line":114,"column":7},"end":{"line":122,"column":10}}]},"4":{"type":"branch","line":122,"loc":{"start":{"line":122,"column":8},"end":{"line":129,"column":19}},"locations":[{"start":{"line":122,"column":8},"end":{"line":129,"column":19}}]},"5":{"type":"branch","line":98,"loc":{"start":{"line":98,"column":25},"end":{"line":105,"column":4}},"locations":[{"start":{"line":98,"column":25},"end":{"line":105,"column":4}}]},"6":{"type":"branch","line":99,"loc":{"start":{"line":99,"column":27},"end":{"line":101,"column":15}},"locations":[{"start":{"line":99,"column":27},"end":{"line":101,"column":15}}]},"7":{"type":"branch","line":112,"loc":{"start":{"line":112,"column":18},"end":{"line":112,"column":44}},"locations":[{"start":{"line":112,"column":18},"end":{"line":112,"column":44}}]},"8":{"type":"branch","line":118,"loc":{"start":{"line":118,"column":20},"end":{"line":118,"column":55}},"locations":[{"start":{"line":118,"column":20},"end":{"line":118,"column":55}}]},"9":{"type":"branch","line":133,"loc":{"start":{"line":133,"column":19},"end":{"line":133,"column":44}},"locations":[{"start":{"line":133,"column":19},"end":{"line":133,"column":44}}]}},"b":{"0":[11],"1":[1],"2":[11],"3":[3],"4":[8],"5":[1],"6":[0],"7":[1],"8":[1],"9":[2]},"fnMap":{"0":{"name":"TodoItem","decl":{"start":{"line":84,"column":17},"end":{"line":145,"column":2}},"loc":{"start":{"line":84,"column":17},"end":{"line":145,"column":2}},"line":84},"1":{"name":"handleEdit","decl":{"start":{"line":89,"column":21},"end":{"line":96,"column":4}},"loc":{"start":{"line":89,"column":21},"end":{"line":96,"column":4}},"line":89},"2":{"name":"handleKeyPress","decl":{"start":{"line":98,"column":25},"end":{"line":105,"column":4}},"loc":{"start":{"line":98,"column":25},"end":{"line":105,"column":4}},"line":98},"3":{"name":"onChange","decl":{"start":{"line":112,"column":18},"end":{"line":112,"column":44}},"loc":{"start":{"line":112,"column":18},"end":{"line":112,"column":44}},"line":112},"4":{"name":"onChange","decl":{"start":{"line":118,"column":20},"end":{"line":118,"column":55}},"loc":{"start":{"line":118,"column":20},"end":{"line":118,"column":55}},"line":118},"5":{"name":"onDoubleClick","decl":{"start":{"line":126,"column":25},"end":{"line":126,"column":50}},"loc":{"start":{"line":126,"column":25},"end":{"line":126,"column":50}},"line":126},"6":{"name":"onClick","decl":{"start":{"line":133,"column":19},"end":{"line":133,"column":44}},"loc":{"start":{"line":133,"column":19},"end":{"line":133,"column":44}},"line":133},"7":{"name":"onClick","decl":{"start":{"line":138,"column":19},"end":{"line":138,"column":45}},"loc":{"start":{"line":138,"column":19},"end":{"line":138,"column":45}},"line":138}},"f":{"0":11,"1":0,"2":1,"3":1,"4":1,"5":0,"6":2,"7":0}}
,"/Users/csoares/Work/React-simple-test-component/src/components/TodoList.jsx": {"path":"/Users/csoares/Work/React-simple-test-component/src/components/TodoList.jsx","all":false,"statementMap":{"0":{"start":{"line":1,"column":0},"end":{"line":1,"column":33}},"1":{"start":{"line":2,"column":0},"end":{"line":2,"column":56}},"2":{"start":{"line":3,"column":0},"end":{"line":3,"column":34}},"3":{"start":{"line":4,"column":0},"end":{"line":4,"column":39}},"5":{"start":{"line":6,"column":0},"end":{"line":6,"column":29}},"14":{"start":{"line":15,"column":0},"end":{"line":15,"column":24}},"21":{"start":{"line":22,"column":0},"end":{"line":22,"column":25}},"27":{"start":{"line":28,"column":0},"end":{"line":28,"column":27}},"41":{"start":{"line":42,"column":0},"end":{"line":42,"column":32}},"56":{"start":{"line":57,"column":0},"end":{"line":57,"column":37}},"62":{"start":{"line":63,"column":0},"end":{"line":63,"column":24}},"63":{"start":{"line":64,"column":0},"end":{"line":64,"column":46}},"64":{"start":{"line":65,"column":0},"end":{"line":65,"column":45}},"66":{"start":{"line":67,"column":0},"end":{"line":67,"column":31}},"67":{"start":{"line":68,"column":0},"end":{"line":68,"column":23}},"68":{"start":{"line":69,"column":0},"end":{"line":69,"column":25}},"69":{"start":{"line":70,"column":0},"end":{"line":70,"column":30}},"70":{"start":{"line":71,"column":0},"end":{"line":71,"column":21}},"71":{"start":{"line":72,"column":0},"end":{"line":72,"column":5}},"72":{"start":{"line":73,"column":0},"end":{"line":73,"column":4}},"74":{"start":{"line":75,"column":0},"end":{"line":75,"column":10}},"75":{"start":{"line":76,"column":0},"end":{"line":76,"column":15}},"76":{"start":{"line":77,"column":0},"end":{"line":77,"column":30}},"77":{"start":{"line":78,"column":0},"end":{"line":78,"column":36}},"78":{"start":{"line":79,"column":0},"end":{"line":79,"column":14}},"79":{"start":{"line":80,"column":0},"end":{"line":80,"column":21}},"80":{"start":{"line":81,"column":0},"end":{"line":81,"column":25}},"81":{"start":{"line":82,"column":0},"end":{"line":82,"column":54}},"82":{"start":{"line":83,"column":0},"end":{"line":83,"column":38}},"83":{"start":{"line":84,"column":0},"end":{"line":84,"column":38}},"84":{"start":{"line":85,"column":0},"end":{"line":85,"column":10}},"85":{"start":{"line":86,"column":0},"end":{"line":86,"column":19}},"86":{"start":{"line":87,"column":0},"end":{"line":87,"column":24}},"87":{"start":{"line":88,"column":0},"end":{"line":88,"column":39}},"88":{"start":{"line":89,"column":0},"end":{"line":89,"column":9}},"90":{"start":{"line":91,"column":0},"end":{"line":91,"column":20}},"91":{"start":{"line":92,"column":0},"end":{"line":92,"column":13}},"92":{"start":{"line":93,"column":0},"end":{"line":93,"column":25}},"93":{"start":{"line":94,"column":0},"end":{"line":94,"column":28}},"94":{"start":{"line":95,"column":0},"end":{"line":95,"column":48}},"95":{"start":{"line":96,"column":0},"end":{"line":96,"column":11}},"96":{"start":{"line":97,"column":0},"end":{"line":97,"column":26}},"97":{"start":{"line":98,"column":0},"end":{"line":98,"column":16}},"99":{"start":{"line":100,"column":0},"end":{"line":100,"column":2}},"101":{"start":{"line":102,"column":0},"end":{"line":102,"column":24}}},"s":{"0":1,"1":1,"2":1,"3":1,"5":1,"14":1,"21":1,"27":1,"41":1,"56":1,"62":1,"63":12,"64":12,"66":12,"67":3,"68":3,"69":2,"70":2,"71":2,"72":3,"74":12,"75":12,"76":12,"77":12,"78":12,"79":12,"80":12,"81":12,"82":12,"83":12,"84":12,"85":12,"86":12,"87":12,"88":12,"90":12,"91":12,"92":12,"93":12,"94":2,"95":12,"96":12,"97":12,"99":12,"101":1},"branchMap":{"0":{"type":"branch","line":63,"loc":{"start":{"line":63,"column":17},"end":{"line":100,"column":2}},"locations":[{"start":{"line":63,"column":17},"end":{"line":100,"column":2}}]},"1":{"type":"branch","line":67,"loc":{"start":{"line":67,"column":23},"end":{"line":73,"column":4}},"locations":[{"start":{"line":67,"column":23},"end":{"line":73,"column":4}}]},"2":{"type":"branch","line":69,"loc":{"start":{"line":69,"column":24},"end":{"line":72,"column":5}},"locations":[{"start":{"line":69,"column":24},"end":{"line":72,"column":5}}]},"3":{"type":"branch","line":82,"loc":{"start":{"line":82,"column":20},"end":{"line":82,"column":54}},"locations":[{"start":{"line":82,"column":20},"end":{"line":82,"column":54}}]},"4":{"type":"branch","line":94,"loc":{"start":{"line":94,"column":19},"end":{"line":95,"column":48}},"locations":[{"start":{"line":94,"column":19},"end":{"line":95,"column":48}}]}},"b":{"0":[12],"1":[3],"2":[2],"3":[3],"4":[2]},"fnMap":{"0":{"name":"TodoList","decl":{"start":{"line":63,"column":17},"end":{"line":100,"column":2}},"loc":{"start":{"line":63,"column":17},"end":{"line":100,"column":2}},"line":63},"1":{"name":"handleSubmit","decl":{"start":{"line":67,"column":23},"end":{"line":73,"column":4}},"loc":{"start":{"line":67,"column":23},"end":{"line":73,"column":4}},"line":67},"2":{"name":"onChange","decl":{"start":{"line":82,"column":20},"end":{"line":82,"column":54}},"loc":{"start":{"line":82,"column":20},"end":{"line":82,"column":54}},"line":82}},"f":{"0":12,"1":3,"2":3}}
,"/Users/csoares/Work/React-simple-test-component/src/context/TodoContext.jsx": {"path":"/Users/csoares/Work/React-simple-test-component/src/context/TodoContext.jsx","all":false,"statementMap":{"0":{"start":{"line":1,"column":0},"end":{"line":1,"column":36}},"9":{"start":{"line":10,"column":0},"end":{"line":10,"column":36}},"14":{"start":{"line":15,"column":0},"end":{"line":15,"column":37}},"16":{"start":{"line":17,"column":0},"end":{"line":17,"column":42}},"19":{"start":{"line":20,"column":0},"end":{"line":20,"column":17}},"20":{"start":{"line":21,"column":0},"end":{"line":21,"column":73}},"21":{"start":{"line":22,"column":0},"end":{"line":22,"column":3}},"24":{"start":{"line":25,"column":0},"end":{"line":25,"column":17}},"25":{"start":{"line":26,"column":0},"end":{"line":26,"column":2}},"29":{"start":{"line":30,"column":0},"end":{"line":30,"column":47}},"33":{"start":{"line":34,"column":0},"end":{"line":34,"column":44}},"34":{"start":{"line":35,"column":0},"end":{"line":35,"column":9}},"36":{"start":{"line":37,"column":0},"end":{"line":37,"column":55}},"38":{"start":{"line":39,"column":0},"end":{"line":39,"column":54}},"39":{"start":{"line":40,"column":0},"end":{"line":40,"column":21}},"41":{"start":{"line":42,"column":0},"end":{"line":42,"column":69}},"42":{"start":{"line":43,"column":0},"end":{"line":43,"column":16}},"43":{"start":{"line":44,"column":0},"end":{"line":44,"column":5}},"44":{"start":{"line":45,"column":0},"end":{"line":45,"column":5}},"48":{"start":{"line":49,"column":0},"end":{"line":49,"column":19}},"49":{"start":{"line":50,"column":0},"end":{"line":50,"column":9}},"51":{"start":{"line":52,"column":0},"end":{"line":52,"column":59}},"52":{"start":{"line":53,"column":0},"end":{"line":53,"column":21}},"54":{"start":{"line":55,"column":0},"end":{"line":55,"column":66}},"55":{"start":{"line":56,"column":0},"end":{"line":56,"column":5}},"56":{"start":{"line":57,"column":0},"end":{"line":57,"column":80}},"59":{"start":{"line":60,"column":0},"end":{"line":60,"column":29}},"61":{"start":{"line":62,"column":0},"end":{"line":62,"column":36}},"63":{"start":{"line":64,"column":0},"end":{"line":64,"column":22}},"66":{"start":{"line":67,"column":0},"end":{"line":67,"column":29}},"67":{"start":{"line":68,"column":0},"end":{"line":68,"column":22}},"68":{"start":{"line":69,"column":0},"end":{"line":69,"column":10}},"69":{"start":{"line":70,"column":0},"end":{"line":70,"column":65}},"70":{"start":{"line":71,"column":0},"end":{"line":71,"column":29}},"71":{"start":{"line":72,"column":0},"end":{"line":72,"column":27}},"72":{"start":{"line":73,"column":0},"end":{"line":73,"column":9}},"73":{"start":{"line":74,"column":0},"end":{"line":74,"column":9}},"74":{"start":{"line":75,"column":0},"end":{"line":75,"column":5}},"75":{"start":{"line":76,"column":0},"end":{"line":76,"column":4}},"78":{"start":{"line":79,"column":0},"end":{"line":79,"column":30}},"80":{"start":{"line":81,"column":0},"end":{"line":81,"column":68}},"81":{"start":{"line":82,"column":0},"end":{"line":82,"column":4}},"84":{"start":{"line":85,"column":0},"end":{"line":85,"column":37}},"86":{"start":{"line":87,"column":0},"end":{"line":87,"column":39}},"88":{"start":{"line":89,"column":0},"end":{"line":89,"column":22}},"90":{"start":{"line":91,"column":0},"end":{"line":91,"column":27}},"91":{"start":{"line":92,"column":0},"end":{"line":92,"column":29}},"92":{"start":{"line":93,"column":0},"end":{"line":93,"column":25}},"93":{"start":{"line":94,"column":0},"end":{"line":94,"column":85}},"94":{"start":{"line":95,"column":0},"end":{"line":95,"column":48}},"95":{"start":{"line":96,"column":0},"end":{"line":96,"column":9}},"96":{"start":{"line":97,"column":0},"end":{"line":97,"column":8}},"97":{"start":{"line":98,"column":0},"end":{"line":98,"column":5}},"98":{"start":{"line":99,"column":0},"end":{"line":99,"column":4}},"101":{"start":{"line":102,"column":0},"end":{"line":102,"column":30}},"103":{"start":{"line":104,"column":0},"end":{"line":104,"column":25}},"104":{"start":{"line":105,"column":0},"end":{"line":105,"column":27}},"105":{"start":{"line":106,"column":0},"end":{"line":106,"column":23}},"106":{"start":{"line":107,"column":0},"end":{"line":107,"column":80}},"107":{"start":{"line":108,"column":0},"end":{"line":108,"column":46}},"108":{"start":{"line":109,"column":0},"end":{"line":109,"column":7}},"109":{"start":{"line":110,"column":0},"end":{"line":110,"column":6}},"110":{"start":{"line":111,"column":0},"end":{"line":111,"column":4}},"113":{"start":{"line":114,"column":0},"end":{"line":114,"column":10}},"114":{"start":{"line":115,"column":0},"end":{"line":115,"column":34}},"115":{"start":{"line":116,"column":0},"end":{"line":116,"column":45}},"116":{"start":{"line":117,"column":0},"end":{"line":117,"column":48}},"117":{"start":{"line":118,"column":0},"end":{"line":118,"column":47}},"118":{"start":{"line":119,"column":0},"end":{"line":119,"column":52}},"119":{"start":{"line":120,"column":0},"end":{"line":120,"column":66}},"120":{"start":{"line":121,"column":0},"end":{"line":121,"column":7}},"121":{"start":{"line":122,"column":0},"end":{"line":122,"column":80}},"122":{"start":{"line":123,"column":0},"end":{"line":123,"column":27}},"124":{"start":{"line":125,"column":0},"end":{"line":125,"column":2}}},"s":{"0":1,"9":1,"14":1,"16":39,"19":39,"20":4,"21":4,"24":34,"25":34,"29":1,"33":29,"34":17,"36":17,"38":17,"39":17,"41":1,"42":1,"43":1,"44":29,"48":29,"49":29,"51":29,"52":29,"54":0,"55":0,"56":29,"59":29,"61":9,"63":9,"66":8,"67":8,"68":8,"69":8,"70":8,"71":8,"72":8,"73":8,"74":8,"75":9,"78":29,"80":1,"81":1,"84":29,"86":2,"88":2,"90":1,"91":1,"92":1,"93":1,"94":0,"95":1,"96":1,"97":1,"98":2,"101":29,"103":2,"104":2,"105":2,"106":2,"107":0,"108":2,"109":2,"110":2,"113":29,"114":29,"115":29,"116":29,"117":29,"118":29,"119":29,"120":29,"121":29,"122":29,"124":29},"branchMap":{"0":{"type":"branch","line":15,"loc":{"start":{"line":15,"column":30},"end":{"line":26,"column":2}},"locations":[{"start":{"line":15,"column":30},"end":{"line":26,"column":2}}]},"1":{"type":"branch","line":20,"loc":{"start":{"line":20,"column":16},"end":{"line":22,"column":3}},"locations":[{"start":{"line":20,"column":16},"end":{"line":22,"column":3}}]},"2":{"type":"branch","line":22,"loc":{"start":{"line":22,"column":2},"end":{"line":26,"column":2}},"locations":[{"start":{"line":22,"column":2},"end":{"line":26,"column":2}}]},"3":{"type":"branch","line":30,"loc":{"start":{"line":30,"column":28},"end":{"line":125,"column":2}},"locations":[{"start":{"line":30,"column":28},"end":{"line":125,"column":2}}]},"4":{"type":"branch","line":34,"loc":{"start":{"line":34,"column":37},"end":{"line":45,"column":3}},"locations":[{"start":{"line":34,"column":37},"end":{"line":45,"column":3}}]},"5":{"type":"branch","line":39,"loc":{"start":{"line":39,"column":13},"end":{"line":39,"column":51}},"locations":[{"start":{"line":39,"column":13},"end":{"line":39,"column":51}}]},"6":{"type":"branch","line":39,"loc":{"start":{"line":39,"column":47},"end":{"line":39,"column":54}},"locations":[{"start":{"line":39,"column":47},"end":{"line":39,"column":54}}]},"7":{"type":"branch","line":40,"loc":{"start":{"line":40,"column":4},"end":{"line":44,"column":5}},"locations":[{"start":{"line":40,"column":4},"end":{"line":44,"column":5}}]},"8":{"type":"branch","line":49,"loc":{"start":{"line":49,"column":12},"end":{"line":57,"column":5}},"locations":[{"start":{"line":49,"column":12},"end":{"line":57,"column":5}}]},"9":{"type":"branch","line":53,"loc":{"start":{"line":53,"column":4},"end":{"line":56,"column":5}},"locations":[{"start":{"line":53,"column":4},"end":{"line":56,"column":5}}]},"10":{"type":"branch","line":60,"loc":{"start":{"line":60,"column":18},"end":{"line":76,"column":4}},"locations":[{"start":{"line":60,"column":18},"end":{"line":76,"column":4}}]},"11":{"type":"branch","line":64,"loc":{"start":{"line":64,"column":21},"end":{"line":75,"column":5}},"locations":[{"start":{"line":64,"column":21},"end":{"line":75,"column":5}}]},"12":{"type":"branch","line":67,"loc":{"start":{"line":67,"column":15},"end":{"line":74,"column":7}},"locations":[{"start":{"line":67,"column":15},"end":{"line":74,"column":7}}]},"13":{"type":"branch","line":79,"loc":{"start":{"line":79,"column":21},"end":{"line":82,"column":4}},"locations":[{"start":{"line":79,"column":21},"end":{"line":82,"column":4}}]},"14":{"type":"branch","line":81,"loc":{"start":{"line":81,"column":13},"end":{"line":81,"column":66}},"locations":[{"start":{"line":81,"column":13},"end":{"line":81,"column":66}}]},"15":{"type":"branch","line":81,"loc":{"start":{"line":81,"column":43},"end":{"line":81,"column":65}},"locations":[{"start":{"line":81,"column":43},"end":{"line":81,"column":65}}]},"16":{"type":"branch","line":85,"loc":{"start":{"line":85,"column":19},"end":{"line":99,"column":4}},"locations":[{"start":{"line":85,"column":19},"end":{"line":99,"column":4}}]},"17":{"type":"branch","line":89,"loc":{"start":{"line":89,"column":21},"end":{"line":98,"column":5}},"locations":[{"start":{"line":89,"column":21},"end":{"line":98,"column":5}}]},"18":{"type":"branch","line":91,"loc":{"start":{"line":91,"column":15},"end":{"line":96,"column":9}},"locations":[{"start":{"line":91,"column":15},"end":{"line":96,"column":9}}]},"19":{"type":"branch","line":92,"loc":{"start":{"line":92,"column":22},"end":{"line":95,"column":48}},"locations":[{"start":{"line":92,"column":22},"end":{"line":95,"column":48}}]},"20":{"type":"branch","line":94,"loc":{"start":{"line":94,"column":43},"end":{"line":95,"column":48}},"locations":[{"start":{"line":94,"column":43},"end":{"line":95,"column":48}}]},"21":{"type":"branch","line":102,"loc":{"start":{"line":102,"column":21},"end":{"line":111,"column":4}},"locations":[{"start":{"line":102,"column":21},"end":{"line":111,"column":4}}]},"22":{"type":"branch","line":104,"loc":{"start":{"line":104,"column":13},"end":{"line":109,"column":7}},"locations":[{"start":{"line":104,"column":13},"end":{"line":109,"column":7}}]},"23":{"type":"branch","line":105,"loc":{"start":{"line":105,"column":20},"end":{"line":108,"column":46}},"locations":[{"start":{"line":105,"column":20},"end":{"line":108,"column":46}}]},"24":{"type":"branch","line":107,"loc":{"start":{"line":107,"column":50},"end":{"line":108,"column":46}},"locations":[{"start":{"line":107,"column":50},"end":{"line":108,"column":46}}]}},"b":{"0":[39],"1":[4],"2":[34],"3":[29],"4":[17],"5":[3],"6":[13],"7":[1],"8":[29],"9":[0],"10":[9],"11":[8],"12":[8],"13":[1],"14":[1],"15":[1],"16":[2],"17":[1],"18":[1],"19":[1],"20":[0],"21":[2],"22":[2],"23":[2],"24":[0]},"fnMap":{"0":{"name":"useTodoContext","decl":{"start":{"line":15,"column":30},"end":{"line":26,"column":2}},"loc":{"start":{"line":15,"column":30},"end":{"line":26,"column":2}},"line":15},"1":{"name":"TodoProvider","decl":{"start":{"line":30,"column":28},"end":{"line":125,"column":2}},"loc":{"start":{"line":30,"column":28},"end":{"line":125,"column":2}},"line":30},"2":{"name":"addTodo","decl":{"start":{"line":60,"column":18},"end":{"line":76,"column":4}},"loc":{"start":{"line":60,"column":18},"end":{"line":76,"column":4}},"line":60},"3":{"name":"deleteTodo","decl":{"start":{"line":79,"column":21},"end":{"line":82,"column":4}},"loc":{"start":{"line":79,"column":21},"end":{"line":82,"column":4}},"line":79},"4":{"name":"editTodo","decl":{"start":{"line":85,"column":19},"end":{"line":99,"column":4}},"loc":{"start":{"line":85,"column":19},"end":{"line":99,"column":4}},"line":85},"5":{"name":"toggleTodo","decl":{"start":{"line":102,"column":21},"end":{"line":111,"column":4}},"loc":{"start":{"line":102,"column":21},"end":{"line":111,"column":4}},"line":102}},"f":{"0":39,"1":29,"2":9,"3":1,"4":2,"5":2}}
}
